::1 - - [03/Sep/2017:06:48:39 +0000] "GET /api/todos HTTP/1.1" 200 303 "http://localhost:4000/" "Mozilla/5.0 (Windows NT 10.0; Win64; x64) AppleWebKit/537.36 (KHTML, like Gecko) Chrome/60.0.3112.113 Safari/537.36"
::1 - - [04/Sep/2017:05:26:33 +0000] "GET /api/todos HTTP/1.1" 304 - "http://localhost:4000/" "Mozilla/5.0 (Windows NT 10.0; Win64; x64) AppleWebKit/537.36 (KHTML, like Gecko) Chrome/60.0.3112.113 Safari/537.36"
::1 - - [04/Sep/2017:05:26:34 +0000] "GET /favicon.ico HTTP/1.1" 404 150 "http://localhost:4000/" "Mozilla/5.0 (Windows NT 10.0; Win64; x64) AppleWebKit/537.36 (KHTML, like Gecko) Chrome/60.0.3112.113 Safari/537.36"
::1 - - [04/Sep/2017:05:26:36 +0000] "PUT /api/todos/1 HTTP/1.1" 200 305 "http://localhost:4000/" "Mozilla/5.0 (Windows NT 10.0; Win64; x64) AppleWebKit/537.36 (KHTML, like Gecko) Chrome/60.0.3112.113 Safari/537.36"
::1 - - [04/Sep/2017:05:26:37 +0000] "PUT /api/todos/3 HTTP/1.1" 200 307 "http://localhost:4000/" "Mozilla/5.0 (Windows NT 10.0; Win64; x64) AppleWebKit/537.36 (KHTML, like Gecko) Chrome/60.0.3112.113 Safari/537.36"
::1 - - [04/Sep/2017:05:26:38 +0000] "PUT /api/todos/5 HTTP/1.1" 200 309 "http://localhost:4000/" "Mozilla/5.0 (Windows NT 10.0; Win64; x64) AppleWebKit/537.36 (KHTML, like Gecko) Chrome/60.0.3112.113 Safari/537.36"
::1 - - [04/Sep/2017:05:26:39 +0000] "PUT /api/todos/7 HTTP/1.1" 200 310 "http://localhost:4000/" "Mozilla/5.0 (Windows NT 10.0; Win64; x64) AppleWebKit/537.36 (KHTML, like Gecko) Chrome/60.0.3112.113 Safari/537.36"
::1 - - [04/Sep/2017:05:26:40 +0000] "PUT /api/todos/6 HTTP/1.1" 200 311 "http://localhost:4000/" "Mozilla/5.0 (Windows NT 10.0; Win64; x64) AppleWebKit/537.36 (KHTML, like Gecko) Chrome/60.0.3112.113 Safari/537.36"
::1 - - [04/Sep/2017:05:26:40 +0000] "PUT /api/todos/4 HTTP/1.1" 200 312 "http://localhost:4000/" "Mozilla/5.0 (Windows NT 10.0; Win64; x64) AppleWebKit/537.36 (KHTML, like Gecko) Chrome/60.0.3112.113 Safari/537.36"
::1 - - [04/Sep/2017:05:49:51 +0000] "PUT /api/todos/1 HTTP/1.1" 200 303 "http://localhost:4000/" "Mozilla/5.0 (Windows NT 10.0; Win64; x64) AppleWebKit/537.36 (KHTML, like Gecko) Chrome/60.0.3112.113 Safari/537.36"
::1 - - [04/Sep/2017:05:49:55 +0000] "POST /api/todos HTTP/1.1" 200 344 "http://localhost:4000/" "Mozilla/5.0 (Windows NT 10.0; Win64; x64) AppleWebKit/537.36 (KHTML, like Gecko) Chrome/60.0.3112.113 Safari/537.36"
::1 - - [04/Sep/2017:05:51:45 +0000] "POST /api/todos HTTP/1.1" 200 385 "http://localhost:4000/" "Mozilla/5.0 (Windows NT 10.0; Win64; x64) AppleWebKit/537.36 (KHTML, like Gecko) Chrome/60.0.3112.113 Safari/537.36"
::1 - - [04/Sep/2017:05:52:52 +0000] "GET /api/todos HTTP/1.1" 200 385 "http://localhost:4000/" "Mozilla/5.0 (Windows NT 10.0; Win64; x64) AppleWebKit/537.36 (KHTML, like Gecko) Chrome/60.0.3112.113 Safari/537.36"
::1 - - [04/Sep/2017:05:52:56 +0000] "POST /api/todos HTTP/1.1" 400 37 "http://localhost:4000/" "Mozilla/5.0 (Windows NT 10.0; Win64; x64) AppleWebKit/537.36 (KHTML, like Gecko) Chrome/60.0.3112.113 Safari/537.36"
::1 - - [04/Sep/2017:05:54:03 +0000] "GET /api/todos HTTP/1.1" 200 303 "http://localhost:4000/" "Mozilla/5.0 (Windows NT 10.0; Win64; x64) AppleWebKit/537.36 (KHTML, like Gecko) Chrome/60.0.3112.113 Safari/537.36"
::1 - - [04/Sep/2017:05:54:07 +0000] "POST /api/todos HTTP/1.1" 200 342 "http://localhost:4000/" "Mozilla/5.0 (Windows NT 10.0; Win64; x64) AppleWebKit/537.36 (KHTML, like Gecko) Chrome/60.0.3112.113 Safari/537.36"
::1 - - [04/Sep/2017:05:54:14 +0000] "GET /api/todos HTTP/1.1" 200 303 "http://localhost:4000/" "Mozilla/5.0 (Windows NT 10.0; Win64; x64) AppleWebKit/537.36 (KHTML, like Gecko) Chrome/60.0.3112.113 Safari/537.36"
::1 - - [04/Sep/2017:05:54:16 +0000] "POST /api/todos HTTP/1.1" 200 341 "http://localhost:4000/" "Mozilla/5.0 (Windows NT 10.0; Win64; x64) AppleWebKit/537.36 (KHTML, like Gecko) Chrome/60.0.3112.113 Safari/537.36"
::1 - - [04/Sep/2017:05:54:20 +0000] "PUT /api/todos/8 HTTP/1.1" 200 342 "http://localhost:4000/" "Mozilla/5.0 (Windows NT 10.0; Win64; x64) AppleWebKit/537.36 (KHTML, like Gecko) Chrome/60.0.3112.113 Safari/537.36"
::1 - - [04/Sep/2017:05:54:21 +0000] "PUT /api/todos/7 HTTP/1.1" 200 343 "http://localhost:4000/" "Mozilla/5.0 (Windows NT 10.0; Win64; x64) AppleWebKit/537.36 (KHTML, like Gecko) Chrome/60.0.3112.113 Safari/537.36"
::1 - - [04/Sep/2017:05:54:22 +0000] "PUT /api/todos/6 HTTP/1.1" 200 344 "http://localhost:4000/" "Mozilla/5.0 (Windows NT 10.0; Win64; x64) AppleWebKit/537.36 (KHTML, like Gecko) Chrome/60.0.3112.113 Safari/537.36"
::1 - - [04/Sep/2017:05:54:38 +0000] "GET /api/todos HTTP/1.1" 200 303 "http://localhost:4000/" "Mozilla/5.0 (Windows NT 10.0; Win64; x64) AppleWebKit/537.36 (KHTML, like Gecko) Chrome/60.0.3112.113 Safari/537.36"
::1 - - [04/Sep/2017:05:54:40 +0000] "PUT /api/todos/7 HTTP/1.1" 200 305 "http://localhost:4000/" "Mozilla/5.0 (Windows NT 10.0; Win64; x64) AppleWebKit/537.36 (KHTML, like Gecko) Chrome/60.0.3112.113 Safari/537.36"
::1 - - [04/Sep/2017:05:54:43 +0000] "PUT /api/todos/5 HTTP/1.1" 200 307 "http://localhost:4000/" "Mozilla/5.0 (Windows NT 10.0; Win64; x64) AppleWebKit/537.36 (KHTML, like Gecko) Chrome/60.0.3112.113 Safari/537.36"
::1 - - [04/Sep/2017:05:54:44 +0000] "PUT /api/todos/4 HTTP/1.1" 200 309 "http://localhost:4000/" "Mozilla/5.0 (Windows NT 10.0; Win64; x64) AppleWebKit/537.36 (KHTML, like Gecko) Chrome/60.0.3112.113 Safari/537.36"
::1 - - [04/Sep/2017:05:54:45 +0000] "PUT /api/todos/2 HTTP/1.1" 200 310 "http://localhost:4000/" "Mozilla/5.0 (Windows NT 10.0; Win64; x64) AppleWebKit/537.36 (KHTML, like Gecko) Chrome/60.0.3112.113 Safari/537.36"
::1 - - [04/Sep/2017:05:54:46 +0000] "PUT /api/todos/6 HTTP/1.1" 200 311 "http://localhost:4000/" "Mozilla/5.0 (Windows NT 10.0; Win64; x64) AppleWebKit/537.36 (KHTML, like Gecko) Chrome/60.0.3112.113 Safari/537.36"
::1 - - [04/Sep/2017:05:56:15 +0000] "GET /api/todos HTTP/1.1" 304 - "http://localhost:4000/" "Mozilla/5.0 (Windows NT 10.0; Win64; x64) AppleWebKit/537.36 (KHTML, like Gecko) Chrome/60.0.3112.113 Safari/537.36"
::1 - - [04/Sep/2017:05:56:18 +0000] "PUT /api/todos/7 HTTP/1.1" 200 305 "http://localhost:4000/" "Mozilla/5.0 (Windows NT 10.0; Win64; x64) AppleWebKit/537.36 (KHTML, like Gecko) Chrome/60.0.3112.113 Safari/537.36"
::1 - - [04/Sep/2017:05:56:18 +0000] "PUT /api/todos/6 HTTP/1.1" 200 307 "http://localhost:4000/" "Mozilla/5.0 (Windows NT 10.0; Win64; x64) AppleWebKit/537.36 (KHTML, like Gecko) Chrome/60.0.3112.113 Safari/537.36"
::1 - - [04/Sep/2017:05:56:19 +0000] "PUT /api/todos/5 HTTP/1.1" 200 309 "http://localhost:4000/" "Mozilla/5.0 (Windows NT 10.0; Win64; x64) AppleWebKit/537.36 (KHTML, like Gecko) Chrome/60.0.3112.113 Safari/537.36"
::1 - - [04/Sep/2017:05:56:20 +0000] "PUT /api/todos/4 HTTP/1.1" 200 310 "http://localhost:4000/" "Mozilla/5.0 (Windows NT 10.0; Win64; x64) AppleWebKit/537.36 (KHTML, like Gecko) Chrome/60.0.3112.113 Safari/537.36"
::1 - - [04/Sep/2017:05:56:21 +0000] "PUT /api/todos/3 HTTP/1.1" 200 311 "http://localhost:4000/" "Mozilla/5.0 (Windows NT 10.0; Win64; x64) AppleWebKit/537.36 (KHTML, like Gecko) Chrome/60.0.3112.113 Safari/537.36"
::1 - - [04/Sep/2017:05:56:46 +0000] "GET /api/todos HTTP/1.1" 304 - "http://localhost:4000/" "Mozilla/5.0 (Windows NT 10.0; Win64; x64) AppleWebKit/537.36 (KHTML, like Gecko) Chrome/60.0.3112.113 Safari/537.36"
::1 - - [04/Sep/2017:05:57:38 +0000] "PUT /api/todos/7 HTTP/1.1" 200 305 "http://localhost:4000/" "Mozilla/5.0 (Windows NT 10.0; Win64; x64) AppleWebKit/537.36 (KHTML, like Gecko) Chrome/60.0.3112.113 Safari/537.36"
::1 - - [04/Sep/2017:05:57:39 +0000] "PUT /api/todos/6 HTTP/1.1" 200 307 "http://localhost:4000/" "Mozilla/5.0 (Windows NT 10.0; Win64; x64) AppleWebKit/537.36 (KHTML, like Gecko) Chrome/60.0.3112.113 Safari/537.36"
::1 - - [04/Sep/2017:05:58:27 +0000] "GET /api/todos HTTP/1.1" 304 - "http://localhost:4000/" "Mozilla/5.0 (Windows NT 10.0; Win64; x64) AppleWebKit/537.36 (KHTML, like Gecko) Chrome/60.0.3112.113 Safari/537.36"
::1 - - [04/Sep/2017:05:58:29 +0000] "PUT /api/todos/7 HTTP/1.1" 200 305 "http://localhost:4000/" "Mozilla/5.0 (Windows NT 10.0; Win64; x64) AppleWebKit/537.36 (KHTML, like Gecko) Chrome/60.0.3112.113 Safari/537.36"
::1 - - [04/Sep/2017:05:58:30 +0000] "PUT /api/todos/6 HTTP/1.1" 200 307 "http://localhost:4000/" "Mozilla/5.0 (Windows NT 10.0; Win64; x64) AppleWebKit/537.36 (KHTML, like Gecko) Chrome/60.0.3112.113 Safari/537.36"
